[0613/211015.225:WARNING:angle_platform_impl.cc(48)] HLSLCompiler.cpp:257 (compileToBinary): 
C:\fakepath(102,1-6): warning X4000: use of potentially uninitialized variable (dyn_index_vec4_float4)

[0613/211015.270:WARNING:angle_platform_impl.cc(48)] HLSLCompiler.cpp:257 (compileToBinary): 
C:\fakepath(125,1): warning X4000: use of potentially uninitialized variable (f_mainImage)

[0613/211015.345:WARNING:angle_platform_impl.cc(48)] HLSLCompiler.cpp:257 (compileToBinary): 
C:\fakepath(135,1): warning X4000: use of potentially uninitialized variable (f_i)
C:\fakepath(137,1): warning X4000: use of potentially uninitialized variable (f_i)
C:\fakepath(173,1): warning X4000: use of potentially uninitialized variable (f_u)

[0613/211017.031:WARNING:angle_platform_impl.cc(48)] HLSLCompiler.cpp:257 (compileToBinary): 
C:\fakepath(165,1): warning X4000: use of potentially uninitialized variable (f_renderMipMapLevel)

[0613/211017.067:WARNING:angle_platform_impl.cc(48)] HLSLCompiler.cpp:257 (compileToBinary): 
C:\fakepath(165,1): warning X4000: use of potentially uninitialized variable (f_renderMipMapLevel)

[0613/211017.161:WARNING:angle_platform_impl.cc(48)] HLSLCompiler.cpp:257 (compileToBinary): 
C:\fakepath(86,23-33): warning X3595: gradient instruction used in a loop with varying iteration; partial derivatives may have undefined value
C:\fakepath(87,23-33): warning X3595: gradient instruction used in a loop with varying iteration; partial derivatives may have undefined value

[0613/211017.215:WARNING:angle_platform_impl.cc(48)] HLSLCompiler.cpp:257 (compileToBinary): 
C:\fakepath(381,10-38): warning X4008: floating point division by zero
C:\fakepath(381,10-38): warning X4008: floating point division by zero

[0613/211017.705:WARNING:angle_platform_impl.cc(48)] HLSLCompiler.cpp:257 (compileToBinary): 
C:\fakepath(165,1): warning X4000: use of potentially uninitialized variable (f_renderMipMapLevel)

[0613/211017.712:WARNING:angle_platform_impl.cc(48)] HLSLCompiler.cpp:257 (compileToBinary): 
C:\fakepath(165,1): warning X4000: use of potentially uninitialized variable (f_renderMipMapLevel)

[0613/211017.714:WARNING:angle_platform_impl.cc(48)] HLSLCompiler.cpp:257 (compileToBinary): 
C:\fakepath(165,1): warning X4000: use of potentially uninitialized variable (f_renderMipMapLevel)

[0613/211024.138:WARNING:angle_platform_impl.cc(48)] HLSLCompiler.cpp:257 (compileToBinary): 
C:\fakepath(102,1-6): warning X4000: use of potentially uninitialized variable (dyn_index_vec4_float4)

[0613/211024.174:WARNING:angle_platform_impl.cc(48)] HLSLCompiler.cpp:257 (compileToBinary): 
C:\fakepath(125,1): warning X4000: use of potentially uninitialized variable (f_mainImage)

[0613/211024.234:WARNING:angle_platform_impl.cc(48)] HLSLCompiler.cpp:257 (compileToBinary): 
C:\fakepath(135,1): warning X4000: use of potentially uninitialized variable (f_i)
C:\fakepath(137,1): warning X4000: use of potentially uninitialized variable (f_i)
C:\fakepath(173,1): warning X4000: use of potentially uninitialized variable (f_u)

[0613/211024.537:WARNING:angle_platform_impl.cc(48)] HLSLCompiler.cpp:257 (compileToBinary): 
C:\fakepath(165,1): warning X4000: use of potentially uninitialized variable (f_renderMipMapLevel)

[0613/211024.577:WARNING:angle_platform_impl.cc(48)] HLSLCompiler.cpp:257 (compileToBinary): 
C:\fakepath(165,1): warning X4000: use of potentially uninitialized variable (f_renderMipMapLevel)

[0613/211024.684:WARNING:angle_platform_impl.cc(48)] HLSLCompiler.cpp:257 (compileToBinary): 
C:\fakepath(86,23-33): warning X3595: gradient instruction used in a loop with varying iteration; partial derivatives may have undefined value
C:\fakepath(87,23-33): warning X3595: gradient instruction used in a loop with varying iteration; partial derivatives may have undefined value

[0613/211024.746:WARNING:angle_platform_impl.cc(48)] HLSLCompiler.cpp:257 (compileToBinary): 
C:\fakepath(381,10-38): warning X4008: floating point division by zero
C:\fakepath(381,10-38): warning X4008: floating point division by zero

[0613/211024.889:ERROR:gl_utils.cc(314)] [.WebGL-00000409D4B78100] GL_INVALID_OPERATION: Two textures of different types use the same sampler location.
[0613/211024.889:ERROR:gl_utils.cc(314)] [.WebGL-00000409D4B78100] GL_INVALID_OPERATION: Two textures of different types use the same sampler location.
[0613/211024.889:ERROR:gl_utils.cc(314)] [.WebGL-00000409D4B78100] GL_INVALID_OPERATION: Two textures of different types use the same sampler location.
[0613/211024.889:ERROR:gl_utils.cc(314)] [.WebGL-00000409D4B78100] GL_INVALID_OPERATION: Two textures of different types use the same sampler location.
[0613/211024.889:ERROR:gl_utils.cc(314)] [.WebGL-00000409D4B78100] GL_INVALID_OPERATION: Two textures of different types use the same sampler location.
[0613/211024.889:ERROR:gl_utils.cc(314)] [.WebGL-00000409D4B78100] GL_INVALID_OPERATION: Two textures of different types use the same sampler location.
[0613/211024.902:ERROR:gl_utils.cc(314)] [.WebGL-00000409D4B78100] GL_INVALID_OPERATION: Two textures of different types use the same sampler location.
[0613/211024.903:ERROR:gl_utils.cc(314)] [.WebGL-00000409D4B78100] GL_INVALID_OPERATION: Two textures of different types use the same sampler location.
[0613/211024.903:ERROR:gl_utils.cc(314)] [.WebGL-00000409D4B78100] GL_INVALID_OPERATION: Two textures of different types use the same sampler location.
[0613/211024.903:ERROR:gl_utils.cc(314)] [.WebGL-00000409D4B78100] GL_INVALID_OPERATION: Two textures of different types use the same sampler location.
[0613/211024.903:ERROR:gl_utils.cc(314)] [.WebGL-00000409D4B78100] GL_INVALID_OPERATION: Two textures of different types use the same sampler location.
[0613/211024.903:ERROR:gl_utils.cc(314)] [.WebGL-00000409D4B78100] GL_INVALID_OPERATION: Two textures of different types use the same sampler location.
[0613/211024.958:WARNING:angle_platform_impl.cc(48)] HLSLCompiler.cpp:257 (compileToBinary): 
C:\fakepath(165,1): warning X4000: use of potentially uninitialized variable (f_renderMipMapLevel)

[0613/211024.959:WARNING:angle_platform_impl.cc(48)] HLSLCompiler.cpp:257 (compileToBinary): 
C:\fakepath(165,1): warning X4000: use of potentially uninitialized variable (f_renderMipMapLevel)

[0613/211024.963:WARNING:angle_platform_impl.cc(48)] HLSLCompiler.cpp:257 (compileToBinary): 
C:\fakepath(165,1): warning X4000: use of potentially uninitialized variable (f_renderMipMapLevel)

[0613/211150.078:ERROR:gpu_init.cc(426)] Passthrough is not supported, GL is disabled
[0613/211217.297:WARNING:angle_platform_impl.cc(48)] HLSLCompiler.cpp:257 (compileToBinary): 
C:\fakepath(102,1-6): warning X4000: use of potentially uninitialized variable (dyn_index_vec4_float4)

[0613/211217.332:WARNING:angle_platform_impl.cc(48)] HLSLCompiler.cpp:257 (compileToBinary): 
C:\fakepath(125,1): warning X4000: use of potentially uninitialized variable (f_mainImage)

[0613/211217.383:WARNING:angle_platform_impl.cc(48)] HLSLCompiler.cpp:257 (compileToBinary): 
C:\fakepath(135,1): warning X4000: use of potentially uninitialized variable (f_i)
C:\fakepath(137,1): warning X4000: use of potentially uninitialized variable (f_i)
C:\fakepath(173,1): warning X4000: use of potentially uninitialized variable (f_u)

[0613/211217.709:WARNING:angle_platform_impl.cc(48)] HLSLCompiler.cpp:257 (compileToBinary): 
C:\fakepath(165,1): warning X4000: use of potentially uninitialized variable (f_renderMipMapLevel)

[0613/211217.734:WARNING:angle_platform_impl.cc(48)] HLSLCompiler.cpp:257 (compileToBinary): 
C:\fakepath(165,1): warning X4000: use of potentially uninitialized variable (f_renderMipMapLevel)

[0613/211217.921:WARNING:angle_platform_impl.cc(48)] HLSLCompiler.cpp:257 (compileToBinary): 
C:\fakepath(86,23-33): warning X3595: gradient instruction used in a loop with varying iteration; partial derivatives may have undefined value
C:\fakepath(87,23-33): warning X3595: gradient instruction used in a loop with varying iteration; partial derivatives may have undefined value

[0613/211217.977:WARNING:angle_platform_impl.cc(48)] HLSLCompiler.cpp:257 (compileToBinary): 
C:\fakepath(381,10-38): warning X4008: floating point division by zero
C:\fakepath(381,10-38): warning X4008: floating point division by zero

[0613/211218.056:ERROR:gl_utils.cc(314)] [.WebGL-00000409D4B76080] GL_INVALID_OPERATION: Two textures of different types use the same sampler location.
[0613/211218.056:ERROR:gl_utils.cc(314)] [.WebGL-00000409D4B76080] GL_INVALID_OPERATION: Two textures of different types use the same sampler location.
[0613/211218.056:ERROR:gl_utils.cc(314)] [.WebGL-00000409D4B76080] GL_INVALID_OPERATION: Two textures of different types use the same sampler location.
[0613/211218.056:ERROR:gl_utils.cc(314)] [.WebGL-00000409D4B76080] GL_INVALID_OPERATION: Two textures of different types use the same sampler location.
[0613/211218.056:ERROR:gl_utils.cc(314)] [.WebGL-00000409D4B76080] GL_INVALID_OPERATION: Two textures of different types use the same sampler location.
[0613/211218.056:ERROR:gl_utils.cc(314)] [.WebGL-00000409D4B76080] GL_INVALID_OPERATION: Two textures of different types use the same sampler location.
[0613/211218.074:ERROR:gl_utils.cc(314)] [.WebGL-00000409D4B76080] GL_INVALID_OPERATION: Two textures of different types use the same sampler location.
[0613/211218.074:ERROR:gl_utils.cc(314)] [.WebGL-00000409D4B76080] GL_INVALID_OPERATION: Two textures of different types use the same sampler location.
[0613/211218.074:ERROR:gl_utils.cc(314)] [.WebGL-00000409D4B76080] GL_INVALID_OPERATION: Two textures of different types use the same sampler location.
[0613/211218.075:ERROR:gl_utils.cc(314)] [.WebGL-00000409D4B76080] GL_INVALID_OPERATION: Two textures of different types use the same sampler location.
[0613/211218.075:ERROR:gl_utils.cc(314)] [.WebGL-00000409D4B76080] GL_INVALID_OPERATION: Two textures of different types use the same sampler location.
[0613/211218.075:ERROR:gl_utils.cc(314)] [.WebGL-00000409D4B76080] GL_INVALID_OPERATION: Two textures of different types use the same sampler location.
[0613/211218.254:WARNING:angle_platform_impl.cc(48)] HLSLCompiler.cpp:257 (compileToBinary): 
C:\fakepath(165,1): warning X4000: use of potentially uninitialized variable (f_renderMipMapLevel)

[0613/211218.256:WARNING:angle_platform_impl.cc(48)] HLSLCompiler.cpp:257 (compileToBinary): 
C:\fakepath(165,1): warning X4000: use of potentially uninitialized variable (f_renderMipMapLevel)

[0613/211218.264:WARNING:angle_platform_impl.cc(48)] HLSLCompiler.cpp:257 (compileToBinary): 
C:\fakepath(165,1): warning X4000: use of potentially uninitialized variable (f_renderMipMapLevel)

[0613/211410.334:WARNING:angle_platform_impl.cc(48)] HLSLCompiler.cpp:257 (compileToBinary): 
C:\fakepath(102,1-6): warning X4000: use of potentially uninitialized variable (dyn_index_vec4_float4)

[0613/211410.375:WARNING:angle_platform_impl.cc(48)] HLSLCompiler.cpp:257 (compileToBinary): 
C:\fakepath(125,1): warning X4000: use of potentially uninitialized variable (f_mainImage)

[0613/211410.427:WARNING:angle_platform_impl.cc(48)] HLSLCompiler.cpp:257 (compileToBinary): 
C:\fakepath(135,1): warning X4000: use of potentially uninitialized variable (f_i)
C:\fakepath(137,1): warning X4000: use of potentially uninitialized variable (f_i)
C:\fakepath(173,1): warning X4000: use of potentially uninitialized variable (f_u)

[0613/211410.771:WARNING:angle_platform_impl.cc(48)] HLSLCompiler.cpp:257 (compileToBinary): 
C:\fakepath(165,1): warning X4000: use of potentially uninitialized variable (f_renderMipMapLevel)

[0613/211410.772:WARNING:angle_platform_impl.cc(48)] HLSLCompiler.cpp:257 (compileToBinary): 
C:\fakepath(165,1): warning X4000: use of potentially uninitialized variable (f_renderMipMapLevel)

[0613/211410.947:WARNING:angle_platform_impl.cc(48)] HLSLCompiler.cpp:257 (compileToBinary): 
C:\fakepath(86,23-33): warning X3595: gradient instruction used in a loop with varying iteration; partial derivatives may have undefined value
C:\fakepath(87,23-33): warning X3595: gradient instruction used in a loop with varying iteration; partial derivatives may have undefined value

[0613/211411.000:WARNING:angle_platform_impl.cc(48)] HLSLCompiler.cpp:257 (compileToBinary): 
C:\fakepath(381,10-38): warning X4008: floating point division by zero
C:\fakepath(381,10-38): warning X4008: floating point division by zero

[0613/211411.118:ERROR:gl_utils.cc(314)] [.WebGL-00000409D694E700] GL_INVALID_OPERATION: Two textures of different types use the same sampler location.
[0613/211411.118:ERROR:gl_utils.cc(314)] [.WebGL-00000409D694E700] GL_INVALID_OPERATION: Two textures of different types use the same sampler location.
[0613/211411.118:ERROR:gl_utils.cc(314)] [.WebGL-00000409D694E700] GL_INVALID_OPERATION: Two textures of different types use the same sampler location.
[0613/211411.118:ERROR:gl_utils.cc(314)] [.WebGL-00000409D694E700] GL_INVALID_OPERATION: Two textures of different types use the same sampler location.
[0613/211411.118:ERROR:gl_utils.cc(314)] [.WebGL-00000409D694E700] GL_INVALID_OPERATION: Two textures of different types use the same sampler location.
[0613/211411.118:ERROR:gl_utils.cc(314)] [.WebGL-00000409D694E700] GL_INVALID_OPERATION: Two textures of different types use the same sampler location.
[0613/211411.186:ERROR:gl_utils.cc(314)] [.WebGL-00000409D694E700] GL_INVALID_OPERATION: Two textures of different types use the same sampler location.
[0613/211411.186:ERROR:gl_utils.cc(314)] [.WebGL-00000409D694E700] GL_INVALID_OPERATION: Two textures of different types use the same sampler location.
[0613/211411.186:ERROR:gl_utils.cc(314)] [.WebGL-00000409D694E700] GL_INVALID_OPERATION: Two textures of different types use the same sampler location.
[0613/211411.186:ERROR:gl_utils.cc(314)] [.WebGL-00000409D694E700] GL_INVALID_OPERATION: Two textures of different types use the same sampler location.
[0613/211411.186:ERROR:gl_utils.cc(314)] [.WebGL-00000409D694E700] GL_INVALID_OPERATION: Two textures of different types use the same sampler location.
[0613/211411.186:ERROR:gl_utils.cc(314)] [.WebGL-00000409D694E700] GL_INVALID_OPERATION: Two textures of different types use the same sampler location.
[0613/211411.309:WARNING:angle_platform_impl.cc(48)] HLSLCompiler.cpp:257 (compileToBinary): 
C:\fakepath(165,1): warning X4000: use of potentially uninitialized variable (f_renderMipMapLevel)

[0613/211411.312:WARNING:angle_platform_impl.cc(48)] HLSLCompiler.cpp:257 (compileToBinary): 
C:\fakepath(165,1): warning X4000: use of potentially uninitialized variable (f_renderMipMapLevel)

[0613/211411.316:WARNING:angle_platform_impl.cc(48)] HLSLCompiler.cpp:257 (compileToBinary): 
C:\fakepath(165,1): warning X4000: use of potentially uninitialized variable (f_renderMipMapLevel)

[0613/211441.242:WARNING:angle_platform_impl.cc(48)] HLSLCompiler.cpp:257 (compileToBinary): 
C:\fakepath(102,1-6): warning X4000: use of potentially uninitialized variable (dyn_index_vec4_float4)

[0613/211441.282:WARNING:angle_platform_impl.cc(48)] HLSLCompiler.cpp:257 (compileToBinary): 
C:\fakepath(125,1): warning X4000: use of potentially uninitialized variable (f_mainImage)

[0613/211441.337:WARNING:angle_platform_impl.cc(48)] HLSLCompiler.cpp:257 (compileToBinary): 
C:\fakepath(135,1): warning X4000: use of potentially uninitialized variable (f_i)
C:\fakepath(137,1): warning X4000: use of potentially uninitialized variable (f_i)
C:\fakepath(173,1): warning X4000: use of potentially uninitialized variable (f_u)

[0613/211441.706:WARNING:angle_platform_impl.cc(48)] HLSLCompiler.cpp:257 (compileToBinary): 
C:\fakepath(165,1): warning X4000: use of potentially uninitialized variable (f_renderMipMapLevel)

[0613/211441.849:WARNING:angle_platform_impl.cc(48)] HLSLCompiler.cpp:257 (compileToBinary): 
C:\fakepath(86,23-33): warning X3595: gradient instruction used in a loop with varying iteration; partial derivatives may have undefined value
C:\fakepath(87,23-33): warning X3595: gradient instruction used in a loop with varying iteration; partial derivatives may have undefined value

[0613/211441.920:WARNING:angle_platform_impl.cc(48)] HLSLCompiler.cpp:257 (compileToBinary): 
C:\fakepath(381,10-38): warning X4008: floating point division by zero
C:\fakepath(381,10-38): warning X4008: floating point division by zero

[0613/211442.347:WARNING:angle_platform_impl.cc(48)] HLSLCompiler.cpp:257 (compileToBinary): 
C:\fakepath(165,1): warning X4000: use of potentially uninitialized variable (f_renderMipMapLevel)

[0613/211442.350:WARNING:angle_platform_impl.cc(48)] HLSLCompiler.cpp:257 (compileToBinary): 
C:\fakepath(165,1): warning X4000: use of potentially uninitialized variable (f_renderMipMapLevel)

[0613/211442.356:WARNING:angle_platform_impl.cc(48)] HLSLCompiler.cpp:257 (compileToBinary): 
C:\fakepath(165,1): warning X4000: use of potentially uninitialized variable (f_renderMipMapLevel)

[0613/211854.758:WARNING:angle_platform_impl.cc(48)] HLSLCompiler.cpp:257 (compileToBinary): 
C:\fakepath(102,1-6): warning X4000: use of potentially uninitialized variable (dyn_index_vec4_float4)

[0613/211854.799:WARNING:angle_platform_impl.cc(48)] HLSLCompiler.cpp:257 (compileToBinary): 
C:\fakepath(125,1): warning X4000: use of potentially uninitialized variable (f_mainImage)

[0613/211854.860:WARNING:angle_platform_impl.cc(48)] HLSLCompiler.cpp:257 (compileToBinary): 
C:\fakepath(135,1): warning X4000: use of potentially uninitialized variable (f_i)
C:\fakepath(137,1): warning X4000: use of potentially uninitialized variable (f_i)
C:\fakepath(173,1): warning X4000: use of potentially uninitialized variable (f_u)

[0613/211855.207:WARNING:angle_platform_impl.cc(48)] HLSLCompiler.cpp:257 (compileToBinary): 
C:\fakepath(165,1): warning X4000: use of potentially uninitialized variable (f_renderMipMapLevel)

[0613/211855.364:WARNING:angle_platform_impl.cc(48)] HLSLCompiler.cpp:257 (compileToBinary): 
C:\fakepath(86,23-33): warning X3595: gradient instruction used in a loop with varying iteration; partial derivatives may have undefined value
C:\fakepath(87,23-33): warning X3595: gradient instruction used in a loop with varying iteration; partial derivatives may have undefined value

[0613/211855.426:WARNING:angle_platform_impl.cc(48)] HLSLCompiler.cpp:257 (compileToBinary): 
C:\fakepath(381,10-38): warning X4008: floating point division by zero
C:\fakepath(381,10-38): warning X4008: floating point division by zero

[0613/211855.550:ERROR:gl_utils.cc(314)] [.WebGL-00000409D4B78780] GL_INVALID_OPERATION: Two textures of different types use the same sampler location.
[0613/211855.550:ERROR:gl_utils.cc(314)] [.WebGL-00000409D4B78780] GL_INVALID_OPERATION: Two textures of different types use the same sampler location.
[0613/211855.550:ERROR:gl_utils.cc(314)] [.WebGL-00000409D4B78780] GL_INVALID_OPERATION: Two textures of different types use the same sampler location.
[0613/211855.551:ERROR:gl_utils.cc(314)] [.WebGL-00000409D4B78780] GL_INVALID_OPERATION: Two textures of different types use the same sampler location.
[0613/211855.551:ERROR:gl_utils.cc(314)] [.WebGL-00000409D4B78780] GL_INVALID_OPERATION: Two textures of different types use the same sampler location.
[0613/211855.551:ERROR:gl_utils.cc(314)] [.WebGL-00000409D4B78780] GL_INVALID_OPERATION: Two textures of different types use the same sampler location.
[0613/211855.565:ERROR:gl_utils.cc(314)] [.WebGL-00000409D4B78780] GL_INVALID_OPERATION: Two textures of different types use the same sampler location.
[0613/211855.565:ERROR:gl_utils.cc(314)] [.WebGL-00000409D4B78780] GL_INVALID_OPERATION: Two textures of different types use the same sampler location.
[0613/211855.565:ERROR:gl_utils.cc(314)] [.WebGL-00000409D4B78780] GL_INVALID_OPERATION: Two textures of different types use the same sampler location.
[0613/211855.565:ERROR:gl_utils.cc(314)] [.WebGL-00000409D4B78780] GL_INVALID_OPERATION: Two textures of different types use the same sampler location.
[0613/211855.565:ERROR:gl_utils.cc(314)] [.WebGL-00000409D4B78780] GL_INVALID_OPERATION: Two textures of different types use the same sampler location.
[0613/211855.565:ERROR:gl_utils.cc(314)] [.WebGL-00000409D4B78780] GL_INVALID_OPERATION: Two textures of different types use the same sampler location.
[0613/211855.758:WARNING:angle_platform_impl.cc(48)] HLSLCompiler.cpp:257 (compileToBinary): 
C:\fakepath(165,1): warning X4000: use of potentially uninitialized variable (f_renderMipMapLevel)

[0613/211855.764:WARNING:angle_platform_impl.cc(48)] HLSLCompiler.cpp:257 (compileToBinary): 
C:\fakepath(165,1): warning X4000: use of potentially uninitialized variable (f_renderMipMapLevel)

[0613/211907.481:WARNING:angle_platform_impl.cc(48)] HLSLCompiler.cpp:257 (compileToBinary): 
C:\fakepath(102,1-6): warning X4000: use of potentially uninitialized variable (dyn_index_vec4_float4)

[0613/211907.525:WARNING:angle_platform_impl.cc(48)] HLSLCompiler.cpp:257 (compileToBinary): 
C:\fakepath(125,1): warning X4000: use of potentially uninitialized variable (f_mainImage)

[0613/211907.584:WARNING:angle_platform_impl.cc(48)] HLSLCompiler.cpp:257 (compileToBinary): 
C:\fakepath(135,1): warning X4000: use of potentially uninitialized variable (f_i)
C:\fakepath(137,1): warning X4000: use of potentially uninitialized variable (f_i)
C:\fakepath(173,1): warning X4000: use of potentially uninitialized variable (f_u)

[0613/211907.945:WARNING:angle_platform_impl.cc(48)] HLSLCompiler.cpp:257 (compileToBinary): 
C:\fakepath(165,1): warning X4000: use of potentially uninitialized variable (f_renderMipMapLevel)

[0613/211907.953:WARNING:angle_platform_impl.cc(48)] HLSLCompiler.cpp:257 (compileToBinary): 
C:\fakepath(165,1): warning X4000: use of potentially uninitialized variable (f_renderMipMapLevel)

[0613/211908.084:WARNING:angle_platform_impl.cc(48)] HLSLCompiler.cpp:257 (compileToBinary): 
C:\fakepath(381,10-38): warning X4008: floating point division by zero
C:\fakepath(381,10-38): warning X4008: floating point division by zero

[0613/211908.468:WARNING:angle_platform_impl.cc(48)] HLSLCompiler.cpp:257 (compileToBinary): 
C:\fakepath(165,1): warning X4000: use of potentially uninitialized variable (f_renderMipMapLevel)

[0613/211908.469:WARNING:angle_platform_impl.cc(48)] HLSLCompiler.cpp:257 (compileToBinary): 
C:\fakepath(165,1): warning X4000: use of potentially uninitialized variable (f_renderMipMapLevel)

[0613/211908.472:WARNING:angle_platform_impl.cc(48)] HLSLCompiler.cpp:257 (compileToBinary): 
C:\fakepath(165,1): warning X4000: use of potentially uninitialized variable (f_renderMipMapLevel)

[0613/211908.473:WARNING:angle_platform_impl.cc(48)] HLSLCompiler.cpp:257 (compileToBinary): 
C:\fakepath(165,1): warning X4000: use of potentially uninitialized variable (f_renderMipMapLevel)

[0613/211918.539:WARNING:angle_platform_impl.cc(48)] HLSLCompiler.cpp:257 (compileToBinary): 
C:\fakepath(102,1-6): warning X4000: use of potentially uninitialized variable (dyn_index_vec4_float4)

[0613/211918.578:WARNING:angle_platform_impl.cc(48)] HLSLCompiler.cpp:257 (compileToBinary): 
C:\fakepath(125,1): warning X4000: use of potentially uninitialized variable (f_mainImage)

[0613/211918.646:WARNING:angle_platform_impl.cc(48)] HLSLCompiler.cpp:257 (compileToBinary): 
C:\fakepath(135,1): warning X4000: use of potentially uninitialized variable (f_i)
C:\fakepath(137,1): warning X4000: use of potentially uninitialized variable (f_i)
C:\fakepath(173,1): warning X4000: use of potentially uninitialized variable (f_u)

[0613/211918.837:WARNING:angle_platform_impl.cc(48)] HLSLCompiler.cpp:257 (compileToBinary): 
C:\fakepath(165,1): warning X4000: use of potentially uninitialized variable (f_renderMipMapLevel)

[0613/211918.864:WARNING:angle_platform_impl.cc(48)] HLSLCompiler.cpp:257 (compileToBinary): 
C:\fakepath(165,1): warning X4000: use of potentially uninitialized variable (f_renderMipMapLevel)

[0613/211918.999:WARNING:angle_platform_impl.cc(48)] HLSLCompiler.cpp:257 (compileToBinary): 
C:\fakepath(381,10-38): warning X4008: floating point division by zero
C:\fakepath(381,10-38): warning X4008: floating point division by zero

[0613/211919.313:ERROR:gl_utils.cc(314)] [.WebGL-00000409D4B78100] GL_INVALID_OPERATION: Two textures of different types use the same sampler location.
[0613/211919.329:ERROR:gl_utils.cc(314)] [.WebGL-00000409D4B78100] GL_INVALID_OPERATION: Two textures of different types use the same sampler location.
[0613/211919.396:WARNING:angle_platform_impl.cc(48)] HLSLCompiler.cpp:257 (compileToBinary): 
C:\fakepath(165,1): warning X4000: use of potentially uninitialized variable (f_renderMipMapLevel)

[0613/211919.399:WARNING:angle_platform_impl.cc(48)] HLSLCompiler.cpp:257 (compileToBinary): 
C:\fakepath(165,1): warning X4000: use of potentially uninitialized variable (f_renderMipMapLevel)

[0613/211919.404:WARNING:angle_platform_impl.cc(48)] HLSLCompiler.cpp:257 (compileToBinary): 
C:\fakepath(165,1): warning X4000: use of potentially uninitialized variable (f_renderMipMapLevel)

[0613/211919.406:WARNING:angle_platform_impl.cc(48)] HLSLCompiler.cpp:257 (compileToBinary): 
C:\fakepath(165,1): warning X4000: use of potentially uninitialized variable (f_renderMipMapLevel)

